<?xml version="1.0" encoding="UTF-8"?>
<!-- Generated by org.testng.reporters.JUnitReportReporter -->
<testsuite hostname="Krishna" failures="0" tests="1" name="myRunner.TestRunner" time="21.377" errors="0" timestamp="08 Aug 2020 23:32:42 GMT" skipped="0">
  <testcase classname="myRunner.TestRunner" name="feature" time="21.377"/>
</testsuite> <!-- myRunner.TestRunner -->
